<?xml version="1.0" encoding="UTF-8"?>
<!-- Generated by org.testng.reporters.JUnitReportReporter -->
<testsuite hostname="kulkarni" failures="0" tests="1" name="runner.FlipKartRunner" time="49.888" errors="0" timestamp="2023-09-04T14:00:28 IST" skipped="0">
  <testcase classname="runner.FlipKartRunner" name="runScenario" time="49.888"/>
  <system-out/>
</testsuite> <!-- runner.FlipKartRunner -->
